<?xml version="1.0" encoding="UTF-8"?>
<testng-results skipped="0" failed="0" total="4" passed="4">
  <reporter-output>
  </reporter-output>
  <suite name="TestSuite" duration-ms="9046" started-at="2016-11-19T21:01:19Z" finished-at="2016-11-19T21:01:28Z">
    <groups>
    </groups>
    <test name="LoginTest" duration-ms="9046" started-at="2016-11-19T21:01:19Z" finished-at="2016-11-19T21:01:28Z">
      <class name="com.testmadi.tests.LoginTest">
        <test-method status="PASS" signature="instantiateDriverObject()[pri:0, instance:com.testmadi.tests.LoginTest@271053e1]" name="instantiateDriverObject" is-config="true" duration-ms="5" started-at="2016-11-19T16:01:19Z" finished-at="2016-11-19T16:01:19Z">
          <reporter-output>
          </reporter-output>
        </test-method> <!-- instantiateDriverObject -->
        <test-method status="PASS" signature="beforeMethod(java.lang.reflect.Method)[pri:0, instance:com.testmadi.tests.LoginTest@271053e1]" name="beforeMethod" is-config="true" duration-ms="161" started-at="2016-11-19T16:01:19Z" finished-at="2016-11-19T16:01:19Z">
          <params>
            <param index="0">
              <value>
                <![CDATA[public void com.testmadi.tests.LoginTest.loginToApp2() throws java.lang.Throwable]]>
              </value>
            </param>
          </params>
          <reporter-output>
          </reporter-output>
        </test-method> <!-- beforeMethod -->
        <test-method status="PASS" signature="beforeMethod(java.lang.reflect.Method)[pri:0, instance:com.testmadi.tests.LoginTest@271053e1]" name="beforeMethod" is-config="true" duration-ms="161" started-at="2016-11-19T16:01:19Z" finished-at="2016-11-19T16:01:19Z">
          <params>
            <param index="0">
              <value>
                <![CDATA[public void com.testmadi.tests.LoginTest.loginToApp3() throws java.lang.Throwable]]>
              </value>
            </param>
          </params>
          <reporter-output>
          </reporter-output>
        </test-method> <!-- beforeMethod -->
        <test-method status="PASS" signature="beforeMethod(java.lang.reflect.Method)[pri:0, instance:com.testmadi.tests.LoginTest@271053e1]" name="beforeMethod" is-config="true" duration-ms="161" started-at="2016-11-19T16:01:19Z" finished-at="2016-11-19T16:01:19Z">
          <params>
            <param index="0">
              <value>
                <![CDATA[public void com.testmadi.tests.LoginTest.loginToApp() throws java.lang.Throwable]]>
              </value>
            </param>
          </params>
          <reporter-output>
          </reporter-output>
        </test-method> <!-- beforeMethod -->
        <test-method status="PASS" signature="beforeMethod(java.lang.reflect.Method)[pri:0, instance:com.testmadi.tests.LoginTest@271053e1]" name="beforeMethod" is-config="true" duration-ms="161" started-at="2016-11-19T16:01:19Z" finished-at="2016-11-19T16:01:19Z">
          <params>
            <param index="0">
              <value>
                <![CDATA[public void com.testmadi.tests.LoginTest.loginToApp1() throws java.lang.Throwable]]>
              </value>
            </param>
          </params>
          <reporter-output>
          </reporter-output>
        </test-method> <!-- beforeMethod -->
        <test-method status="PASS" signature="loginToApp()[pri:0, instance:com.testmadi.tests.LoginTest@271053e1]" name="loginToApp" duration-ms="8679" started-at="2016-11-19T16:01:19Z" finished-at="2016-11-19T16:01:27Z">
          <reporter-output>
          </reporter-output>
        </test-method> <!-- loginToApp -->
        <test-method status="PASS" signature="loginToApp2()[pri:0, instance:com.testmadi.tests.LoginTest@271053e1]" name="loginToApp2" duration-ms="8804" started-at="2016-11-19T16:01:19Z" finished-at="2016-11-19T16:01:28Z">
          <reporter-output>
          </reporter-output>
        </test-method> <!-- loginToApp2 -->
        <test-method status="PASS" signature="loginToApp3()[pri:0, instance:com.testmadi.tests.LoginTest@271053e1]" name="loginToApp3" duration-ms="7909" started-at="2016-11-19T16:01:19Z" finished-at="2016-11-19T16:01:27Z">
          <reporter-output>
          </reporter-output>
        </test-method> <!-- loginToApp3 -->
        <test-method status="PASS" signature="loginToApp1()[pri:0, instance:com.testmadi.tests.LoginTest@271053e1]" name="loginToApp1" duration-ms="7627" started-at="2016-11-19T16:01:19Z" finished-at="2016-11-19T16:01:26Z">
          <reporter-output>
          </reporter-output>
        </test-method> <!-- loginToApp1 -->
        <test-method status="PASS" signature="quitDriver(java.lang.reflect.Method)[pri:0, instance:com.testmadi.tests.LoginTest@271053e1]" name="quitDriver" is-config="true" duration-ms="77" started-at="2016-11-19T16:01:26Z" finished-at="2016-11-19T16:01:26Z">
          <params>
            <param index="0">
              <value>
                <![CDATA[public void com.testmadi.tests.LoginTest.loginToApp1() throws java.lang.Throwable]]>
              </value>
            </param>
          </params>
          <reporter-output>
          </reporter-output>
        </test-method> <!-- quitDriver -->
        <test-method status="PASS" signature="quitDriver(java.lang.reflect.Method)[pri:0, instance:com.testmadi.tests.LoginTest@271053e1]" name="quitDriver" is-config="true" duration-ms="72" started-at="2016-11-19T16:01:27Z" finished-at="2016-11-19T16:01:27Z">
          <params>
            <param index="0">
              <value>
                <![CDATA[public void com.testmadi.tests.LoginTest.loginToApp3() throws java.lang.Throwable]]>
              </value>
            </param>
          </params>
          <reporter-output>
          </reporter-output>
        </test-method> <!-- quitDriver -->
        <test-method status="PASS" signature="quitDriver(java.lang.reflect.Method)[pri:0, instance:com.testmadi.tests.LoginTest@271053e1]" name="quitDriver" is-config="true" duration-ms="71" started-at="2016-11-19T16:01:27Z" finished-at="2016-11-19T16:01:27Z">
          <params>
            <param index="0">
              <value>
                <![CDATA[public void com.testmadi.tests.LoginTest.loginToApp() throws java.lang.Throwable]]>
              </value>
            </param>
          </params>
          <reporter-output>
          </reporter-output>
        </test-method> <!-- quitDriver -->
        <test-method status="PASS" signature="quitDriver(java.lang.reflect.Method)[pri:0, instance:com.testmadi.tests.LoginTest@271053e1]" name="quitDriver" is-config="true" duration-ms="70" started-at="2016-11-19T16:01:28Z" finished-at="2016-11-19T16:01:28Z">
          <params>
            <param index="0">
              <value>
                <![CDATA[public void com.testmadi.tests.LoginTest.loginToApp2() throws java.lang.Throwable]]>
              </value>
            </param>
          </params>
          <reporter-output>
          </reporter-output>
        </test-method> <!-- quitDriver -->
        <test-method status="PASS" signature="closeDriverObjects()[pri:0, instance:com.testmadi.tests.LoginTest@271053e1]" name="closeDriverObjects" is-config="true" duration-ms="189" started-at="2016-11-19T16:01:28Z" finished-at="2016-11-19T16:01:28Z">
          <reporter-output>
          </reporter-output>
        </test-method> <!-- closeDriverObjects -->
      </class> <!-- com.testmadi.tests.LoginTest -->
    </test> <!-- LoginTest -->
  </suite> <!-- TestSuite -->
</testng-results>
