<?xml version="1.0" encoding="UTF-8"?>
<testng-results skipped="0" failed="0" total="1" passed="1">
  <reporter-output>
  </reporter-output>
  <suite name="Default suite" duration-ms="6371" started-at="2016-11-20T22:58:39Z" finished-at="2016-11-20T22:58:45Z">
    <groups>
    </groups>
    <test name="Default test" duration-ms="6371" started-at="2016-11-20T22:58:39Z" finished-at="2016-11-20T22:58:45Z">
      <class name="com.testmadi.tests.LoginTest">
        <test-method status="PASS" signature="instantiateDriverObject()[pri:0, instance:com.testmadi.tests.LoginTest@31a5c39e]" name="instantiateDriverObject" is-config="true" duration-ms="5" started-at="2016-11-20T17:58:39Z" finished-at="2016-11-20T17:58:39Z">
          <reporter-output>
          </reporter-output>
        </test-method> <!-- instantiateDriverObject -->
        <test-method status="PASS" signature="beforeMethod(java.lang.reflect.Method)[pri:0, instance:com.testmadi.tests.LoginTest@31a5c39e]" name="beforeMethod" is-config="true" duration-ms="156" started-at="2016-11-20T17:58:39Z" finished-at="2016-11-20T17:58:39Z">
          <params>
            <param index="0">
              <value>
                <![CDATA[public void com.testmadi.tests.LoginTest.loginToApp() throws java.lang.Throwable]]>
              </value>
            </param>
          </params>
          <reporter-output>
          </reporter-output>
        </test-method> <!-- beforeMethod -->
        <test-method status="PASS" signature="loginToApp()[pri:0, instance:com.testmadi.tests.LoginTest@31a5c39e]" name="loginToApp" duration-ms="6076" started-at="2016-11-20T17:58:39Z" finished-at="2016-11-20T17:58:45Z">
          <reporter-output>
          </reporter-output>
        </test-method> <!-- loginToApp -->
        <test-method status="PASS" signature="quitDriver(java.lang.reflect.Method)[pri:0, instance:com.testmadi.tests.LoginTest@31a5c39e]" name="quitDriver" is-config="true" duration-ms="130" started-at="2016-11-20T17:58:45Z" finished-at="2016-11-20T17:58:45Z">
          <params>
            <param index="0">
              <value>
                <![CDATA[public void com.testmadi.tests.LoginTest.loginToApp() throws java.lang.Throwable]]>
              </value>
            </param>
          </params>
          <reporter-output>
          </reporter-output>
        </test-method> <!-- quitDriver -->
        <test-method status="PASS" signature="closeDriverObjects()[pri:0, instance:com.testmadi.tests.LoginTest@31a5c39e]" name="closeDriverObjects" is-config="true" duration-ms="167" started-at="2016-11-20T17:58:45Z" finished-at="2016-11-20T17:58:45Z">
          <reporter-output>
          </reporter-output>
        </test-method> <!-- closeDriverObjects -->
      </class> <!-- com.testmadi.tests.LoginTest -->
    </test> <!-- Default test -->
  </suite> <!-- Default suite -->
</testng-results>
