<?xml version="1.0" encoding="UTF-8"?>
<!-- Generated by org.testng.reporters.JUnitXMLReporter -->
<testsuite hostname="TNJ10038LMVTAWW" name="LoginTest" tests="4" failures="0" timestamp="20 Nov 2016 16:10:09 GMT" time="9.698" errors="0">
  <testcase name="loginToApp1" time="9.086" classname="com.testmadi.tests.LoginTest"/>
  <testcase name="loginToApp3" time="9.086" classname="com.testmadi.tests.LoginTest"/>
  <testcase name="loginToApp2" time="9.196" classname="com.testmadi.tests.LoginTest"/>
  <testcase name="loginToApp" time="9.419" classname="com.testmadi.tests.LoginTest"/>
</testsuite> <!-- LoginTest -->
