<?xml version="1.0" encoding="UTF-8"?>
<!-- Generated by org.testng.reporters.JUnitXMLReporter -->
<testsuite hostname="TNJ10038LMVTAWW" name="LoginTest" tests="4" failures="0" timestamp="19 Nov 2016 21:01:28 GMT" time="9.046" errors="0">
  <testcase name="loginToApp1" time="7.627" classname="com.testmadi.tests.LoginTest"/>
  <testcase name="loginToApp3" time="7.909" classname="com.testmadi.tests.LoginTest"/>
  <testcase name="loginToApp" time="8.679" classname="com.testmadi.tests.LoginTest"/>
  <testcase name="loginToApp2" time="8.804" classname="com.testmadi.tests.LoginTest"/>
</testsuite> <!-- LoginTest -->
